<?xml version="1.0" encoding="utf-8"?><testsuites name="pytest tests"><testsuite name="pytest" errors="0" failures="1" skipped="0" tests="20" time="6.210" timestamp="2026-06-22T21:37:11.780854+00:00" hostname="agent-env-ee70e840-ebd4-440c-9c3c-ac28e4d0da22"><testcase classname="backend.tests.test_mycotrack_api.TestHealth" name="test_health" time="0.294" /><testcase classname="backend.tests.test_mycotrack_api.TestAuth" name="test_admin_login_sets_cookies_and_me" time="0.392" /><testcase classname="backend.tests.test_mycotrack_api.TestAuth" name="test_register_defaults_to_viewer" time="0.366"><failure message="AssertionError: assert 'reguser_test...2@example.com' == 'reguser_TEST...2@example.com'&#10;  &#10;  - reguser_TEST_c863f332@example.com&#10;  ?         ^^^^&#10;  + reguser_test_c863f332@example.com&#10;  ?         ^^^^">backend/tests/test_mycotrack_api.py:34: in test_register_defaults_to_viewer
    assert body["email"] == email
E   AssertionError: assert 'reguser_test...2@example.com' == 'reguser_TEST...2@example.com'
E     
E     - reguser_TEST_c863f332@example.com
E     ?         ^^^^
E     + reguser_test_c863f332@example.com
E     ?         ^^^^</failure></testcase><testcase classname="backend.tests.test_mycotrack_api.TestAuth" name="test_refresh_issues_new_access_token" time="0.411" /><testcase classname="backend.tests.test_mycotrack_api.TestAuth" name="test_logout_clears_cookies" time="0.512" /><testcase classname="backend.tests.test_mycotrack_api.TestAuth" name="test_invalid_login" time="0.322" /><testcase classname="backend.tests.test_mycotrack_api.TestRBACViewer" name="test_viewer_can_read" time="0.647" /><testcase classname="backend.tests.test_mycotrack_api.TestRBACViewer" name="test_viewer_cannot_write" time="0.173" /><testcase classname="backend.tests.test_mycotrack_api.TestRBACViewer" name="test_viewer_cannot_list_users_or_roles" time="0.116" /><testcase classname="backend.tests.test_mycotrack_api.TestRBACOperator" name="test_operator_can_create_and_update_species" time="0.476" /><testcase classname="backend.tests.test_mycotrack_api.TestRBACOperator" name="test_operator_cannot_delete_locations_recipes" time="0.208" /><testcase classname="backend.tests.test_mycotrack_api.TestRBACOperator" name="test_operator_no_user_mgmt" time="0.045" /><testcase classname="backend.tests.test_mycotrack_api.TestCRUDAdmin" name="test_species_full_lifecycle" time="0.339" /><testcase classname="backend.tests.test_mycotrack_api.TestCRUDAdmin" name="test_locations_full_lifecycle" time="0.228" /><testcase classname="backend.tests.test_mycotrack_api.TestCRUDAdmin" name="test_recipes_records_created_by" time="0.167" /><testcase classname="backend.tests.test_mycotrack_api.TestCultures" name="test_culture_create_validation_and_lineage" time="0.452" /><testcase classname="backend.tests.test_mycotrack_api.TestCultures" name="test_culture_events_lifecycle" time="0.376" /><testcase classname="backend.tests.test_mycotrack_api.TestUserMgmt" name="test_list_roles" time="0.054" /><testcase classname="backend.tests.test_mycotrack_api.TestUserMgmt" name="test_user_crud_and_soft_delete" time="0.444" /><testcase classname="backend.tests.test_mycotrack_api.TestUserMgmt" name="test_admin_cannot_deactivate_self" time="0.111" /></testsuite></testsuites>